<?xml version="1.0" encoding="UTF-8"?>
<testng-results skipped="0" failed="1" ignored="2" total="3" passed="0">
  <reporter-output>
  </reporter-output>
  <suite name="Default suite" duration-ms="74" started-at="2019-09-10T06:08:23 EDT" finished-at="2019-09-10T06:08:23 EDT">
    <groups>
    </groups>
    <test name="Default test" duration-ms="74" started-at="2019-09-10T06:08:23 EDT" finished-at="2019-09-10T06:08:23 EDT">
      <class name="com.freecrm.accountcreation.testcases.RegisterNewUserTests">
        <test-method status="FAIL" signature="enumValidatiosn()[pri:0, instance:com.freecrm.accountcreation.testcases.RegisterNewUserTests@12948e2]" name="enumValidatiosn" duration-ms="18" started-at="2019-09-10T06:08:23 EDT" finished-at="2019-09-10T06:08:23 EDT">
          <exception class="com.freecrm.accountcreation.testcases.InvalidLicenceException">
            <message>
              <![CDATA[Very less age ]]>
            </message>
            <full-stacktrace>
              <![CDATA[com.freecrm.accountcreation.testcases.InvalidLicenceException: Very less age 
at com.freecrm.accountcreation.testcases.RegisterNewUserTests.enumValidatiosn(RegisterNewUserTests.java:26)
at sun.reflect.NativeMethodAccessorImpl.invoke0(Native Method)
at sun.reflect.NativeMethodAccessorImpl.invoke(Unknown Source)
at sun.reflect.DelegatingMethodAccessorImpl.invoke(Unknown Source)
at java.lang.reflect.Method.invoke(Unknown Source)
at org.testng.internal.MethodInvocationHelper.invokeMethod(MethodInvocationHelper.java:133)
at org.testng.internal.TestInvoker.invokeMethod(TestInvoker.java:584)
at org.testng.internal.TestInvoker.invokeTestMethod(TestInvoker.java:172)
at org.testng.internal.MethodRunner.runInSequence(MethodRunner.java:46)
at org.testng.internal.TestInvoker$MethodInvocationAgent.invoke(TestInvoker.java:804)
at org.testng.internal.TestInvoker.invokeTestMethods(TestInvoker.java:145)
at org.testng.internal.TestMethodWorker.invokeTestMethods(TestMethodWorker.java:146)
at org.testng.internal.TestMethodWorker.run(TestMethodWorker.java:128)
at java.util.ArrayList.forEach(Unknown Source)
at org.testng.TestRunner.privateRun(TestRunner.java:770)
at org.testng.TestRunner.run(TestRunner.java:591)
at org.testng.SuiteRunner.runTest(SuiteRunner.java:402)
at org.testng.SuiteRunner.runSequentially(SuiteRunner.java:396)
at org.testng.SuiteRunner.privateRun(SuiteRunner.java:355)
at org.testng.SuiteRunner.run(SuiteRunner.java:304)
at org.testng.SuiteRunnerWorker.runSuite(SuiteRunnerWorker.java:53)
at org.testng.SuiteRunnerWorker.run(SuiteRunnerWorker.java:96)
at org.testng.TestNG.runSuitesSequentially(TestNG.java:1180)
at org.testng.TestNG.runSuitesLocally(TestNG.java:1102)
at org.testng.TestNG.runSuites(TestNG.java:1032)
at org.testng.TestNG.run(TestNG.java:1000)
at org.testng.remote.AbstractRemoteTestNG.run(AbstractRemoteTestNG.java:115)
at org.testng.remote.RemoteTestNG.initAndRun(RemoteTestNG.java:251)
at org.testng.remote.RemoteTestNG.main(RemoteTestNG.java:77)
]]>
            </full-stacktrace>
          </exception> <!-- com.freecrm.accountcreation.testcases.InvalidLicenceException -->
          <reporter-output>
          </reporter-output>
        </test-method> <!-- enumValidatiosn -->
        <test-method status="PASS" signature="afterClass()[pri:0, instance:com.freecrm.accountcreation.testcases.RegisterNewUserTests@12948e2]" name="afterClass" is-config="true" duration-ms="1" started-at="2019-09-10T06:08:23 EDT" finished-at="2019-09-10T06:08:23 EDT">
          <reporter-output>
          </reporter-output>
        </test-method> <!-- afterClass -->
      </class> <!-- com.freecrm.accountcreation.testcases.RegisterNewUserTests -->
    </test> <!-- Default test -->
  </suite> <!-- Default suite -->
</testng-results>
