<?xml version="1.0" encoding="UTF-8"?>
<testng-results skipped="0" failed="0" ignored="2" total="3" passed="1">
  <reporter-output>
  </reporter-output>
  <suite name="Default suite" duration-ms="15189" started-at="2019-09-10T06:13:19 EDT" finished-at="2019-09-10T06:13:34 EDT">
    <groups>
    </groups>
    <test name="Default test" duration-ms="15189" started-at="2019-09-10T06:13:19 EDT" finished-at="2019-09-10T06:13:34 EDT">
      <class name="com.freecrm.accountcreation.testcases.RegisterNewUserTests">
        <test-method status="PASS" signature="createUser()[pri:0, instance:com.freecrm.accountcreation.testcases.RegisterNewUserTests@12948e2]" name="createUser" duration-ms="15146" started-at="2019-09-10T06:13:19 EDT" finished-at="2019-09-10T06:13:34 EDT">
          <reporter-output>
          </reporter-output>
        </test-method> <!-- createUser -->
        <test-method status="PASS" signature="afterClass()[pri:0, instance:com.freecrm.accountcreation.testcases.RegisterNewUserTests@12948e2]" name="afterClass" is-config="true" duration-ms="2" started-at="2019-09-10T06:13:34 EDT" finished-at="2019-09-10T06:13:34 EDT">
          <reporter-output>
          </reporter-output>
        </test-method> <!-- afterClass -->
      </class> <!-- com.freecrm.accountcreation.testcases.RegisterNewUserTests -->
    </test> <!-- Default test -->
  </suite> <!-- Default suite -->
</testng-results>
